C:\Users\Christopher\Documents\GitHub\FacialRecognitionProject\FacialRecognitionProject\x64\Debug\cl.command.1.tlog
C:\Users\Christopher\Documents\GitHub\FacialRecognitionProject\FacialRecognitionProject\x64\Debug\CL.read.1.tlog
C:\Users\Christopher\Documents\GitHub\FacialRecognitionProject\FacialRecognitionProject\x64\Debug\CL.write.1.tlog
C:\USERS\CHRISTOPHER\DOCUMENTS\GITHUB\FACIALRECOGNITIONPROJECT\FACIALRECOGNITIONPROJECT\X64\DEBUG\FACIALRECOGNITIONPROJECT.EXE.EMBED.MANIFEST
C:\USERS\CHRISTOPHER\DOCUMENTS\GITHUB\FACIALRECOGNITIONPROJECT\FACIALRECOGNITIONPROJECT\X64\DEBUG\FACIALRECOGNITIONPROJECT.EXE.EMBED.MANIFEST.RES
C:\USERS\CHRISTOPHER\DOCUMENTS\GITHUB\FACIALRECOGNITIONPROJECT\FACIALRECOGNITIONPROJECT\X64\DEBUG\FACIALRECOGNITIONPROJECT.EXE.INTERMEDIATE.MANIFEST
C:\Users\Christopher\Documents\GitHub\FacialRecognitionProject\FacialRecognitionProject\x64\Debug\FacialRecognitionProject.vcxprojResolveAssemblyReference.cache
C:\Users\Christopher\Documents\GitHub\FacialRecognitionProject\FacialRecognitionProject\x64\Debug\FacialRecognitionProject.write.1.tlog
C:\Users\Christopher\Documents\GitHub\FacialRecognitionProject\FacialRecognitionProject\x64\Debug\FacialRecognitionProject_manifest.rc
C:\Users\Christopher\Documents\GitHub\FacialRecognitionProject\FacialRecognitionProject\x64\Debug\link.5672.read.1.tlog
C:\Users\Christopher\Documents\GitHub\FacialRecognitionProject\FacialRecognitionProject\x64\Debug\link.5672.write.1.tlog
C:\Users\Christopher\Documents\GitHub\FacialRecognitionProject\FacialRecognitionProject\x64\Debug\link.5672-cvtres.read.1.tlog
C:\Users\Christopher\Documents\GitHub\FacialRecognitionProject\FacialRecognitionProject\x64\Debug\link.5672-cvtres.write.1.tlog
C:\Users\Christopher\Documents\GitHub\FacialRecognitionProject\FacialRecognitionProject\x64\Debug\link.6660.read.1.tlog
C:\Users\Christopher\Documents\GitHub\FacialRecognitionProject\FacialRecognitionProject\x64\Debug\link.6660.write.1.tlog
C:\Users\Christopher\Documents\GitHub\FacialRecognitionProject\FacialRecognitionProject\x64\Debug\link.6660-cvtres.read.1.tlog
C:\Users\Christopher\Documents\GitHub\FacialRecognitionProject\FacialRecognitionProject\x64\Debug\link.6660-cvtres.write.1.tlog
C:\Users\Christopher\Documents\GitHub\FacialRecognitionProject\FacialRecognitionProject\x64\Debug\link.command.1.tlog
C:\Users\Christopher\Documents\GitHub\FacialRecognitionProject\FacialRecognitionProject\x64\Debug\link.read.1.tlog
C:\Users\Christopher\Documents\GitHub\FacialRecognitionProject\FacialRecognitionProject\x64\Debug\link.write.1.tlog
C:\Users\Christopher\Documents\GitHub\FacialRecognitionProject\FacialRecognitionProject\x64\Debug\link-cvtres.read.1.tlog
C:\Users\Christopher\Documents\GitHub\FacialRecognitionProject\FacialRecognitionProject\x64\Debug\link-cvtres.write.1.tlog
C:\USERS\CHRISTOPHER\DOCUMENTS\GITHUB\FACIALRECOGNITIONPROJECT\FACIALRECOGNITIONPROJECT\X64\DEBUG\MAINCONTROLLER.OBJ
C:\USERS\CHRISTOPHER\DOCUMENTS\GITHUB\FACIALRECOGNITIONPROJECT\FACIALRECOGNITIONPROJECT\X64\DEBUG\MISC.OBJ
C:\Users\Christopher\Documents\GitHub\FacialRecognitionProject\FacialRecognitionProject\x64\Debug\mt.command.1.tlog
C:\Users\Christopher\Documents\GitHub\FacialRecognitionProject\FacialRecognitionProject\x64\Debug\mt.read.1.tlog
C:\Users\Christopher\Documents\GitHub\FacialRecognitionProject\FacialRecognitionProject\x64\Debug\mt.write.1.tlog
C:\Users\Christopher\Documents\GitHub\FacialRecognitionProject\FacialRecognitionProject\x64\Debug\rc.command.1.tlog
C:\Users\Christopher\Documents\GitHub\FacialRecognitionProject\FacialRecognitionProject\x64\Debug\rc.read.1.tlog
C:\Users\Christopher\Documents\GitHub\FacialRecognitionProject\FacialRecognitionProject\x64\Debug\rc.write.1.tlog
C:\USERS\CHRISTOPHER\DOCUMENTS\GITHUB\FACIALRECOGNITIONPROJECT\FACIALRECOGNITIONPROJECT\X64\DEBUG\UTILS.OBJ
C:\Users\Christopher\Documents\GitHub\FacialRecognitionProject\FacialRecognitionProject\x64\Debug\vc100.idb
C:\USERS\CHRISTOPHER\DOCUMENTS\GITHUB\FACIALRECOGNITIONPROJECT\FACIALRECOGNITIONPROJECT\X64\DEBUG\VC100.PDB
C:\USERS\CHRISTOPHER\DOCUMENTS\GITHUB\FACIALRECOGNITIONPROJECT\FACIALRECOGNITIONPROJECT\X64\DEBUG\ZOOMPROCESS.OBJ
C:\USERS\CHRISTOPHER\DOCUMENTS\GITHUB\FACIALRECOGNITIONPROJECT\X64\DEBUG\FACIALRECOGNITIONPROJECT.EXE
C:\USERS\CHRISTOPHER\DOCUMENTS\GITHUB\FACIALRECOGNITIONPROJECT\X64\DEBUG\FACIALRECOGNITIONPROJECT.ILK
C:\USERS\CHRISTOPHER\DOCUMENTS\GITHUB\FACIALRECOGNITIONPROJECT\X64\DEBUG\FACIALRECOGNITIONPROJECT.PDB
