Build started 30/07/2014 20:41:24.
     1>Project "C:\Users\Christopher\Documents\GitHub\FacialRecognitionProject\FacialRecognitionProject\FacialRecognitionProject.vcxproj" on node 2 (build target(s)).
     1>InitializeBuildStatus:
         Creating "x64\Debug\FacialRecognitionProject.unsuccessfulbuild" because "AlwaysCreate" was specified.
       ClCompile:
         All outputs are up-to-date.
       ManifestResourceCompile:
         All outputs are up-to-date.
       Link:
         c:\Program Files (x86)\Microsoft Visual Studio 10.0\VC\bin\x86_amd64\link.exe /ERRORREPORT:PROMPT /OUT:"C:\Users\Christopher\Documents\GitHub\FacialRecognitionProject\x64\Debug\FacialRecognitionProject.exe" /INCREMENTAL /NOLOGO /LIBPATH:C:\opencv\build\x64\vc10\lib opencv_core249d.lib opencv_imgproc249d.lib opencv_highgui249d.lib opencv_ml249d.lib opencv_video249d.lib opencv_features2d249d.lib opencv_calib3d249d.lib opencv_objdetect249d.lib opencv_contrib249d.lib opencv_legacy249d.lib opencv_flann249d.lib kernel32.lib user32.lib gdi32.lib winspool.lib comdlg32.lib advapi32.lib shell32.lib ole32.lib oleaut32.lib uuid.lib odbc32.lib odbccp32.lib /MANIFEST /ManifestFile:"x64\Debug\FacialRecognitionProject.exe.intermediate.manifest" /MANIFESTUAC:"level='asInvoker' uiAccess='false'" /DEBUG /PDB:"C:\Users\Christopher\Documents\GitHub\FacialRecognitionProject\x64\Debug\FacialRecognitionProject.pdb" /SUBSYSTEM:CONSOLE /TLBID:1 /DYNAMICBASE /NXCOMPAT /IMPLIB:"C:\Users\Christopher\Documents\GitHub\FacialRecognitionProject\x64\Debug\FacialRecognitionProject.lib" /MACHINE:X64 x64\Debug\FacialRecognitionProject.exe.embed.manifest.res
         x64\Debug\MainController.obj
         x64\Debug\Misc.obj
         FacialRecognitionProject.vcxproj -> C:\Users\Christopher\Documents\GitHub\FacialRecognitionProject\x64\Debug\FacialRecognitionProject.exe
       Manifest:
         C:\Program Files (x86)\Microsoft SDKs\Windows\v7.0A\bin\mt.exe /nologo /verbose /out:"x64\Debug\FacialRecognitionProject.exe.embed.manifest" /manifest x64\Debug\FacialRecognitionProject.exe.intermediate.manifest
         All outputs are up-to-date.
       LinkEmbedManifest:
         All outputs are up-to-date.
         FacialRecognitionProject.vcxproj -> C:\Users\Christopher\Documents\GitHub\FacialRecognitionProject\x64\Debug\FacialRecognitionProject.exe
       FinalizeBuildStatus:
         Deleting file "x64\Debug\FacialRecognitionProject.unsuccessfulbuild".
         Touching "x64\Debug\FacialRecognitionProject.lastbuildstate".
     1>Done Building Project "C:\Users\Christopher\Documents\GitHub\FacialRecognitionProject\FacialRecognitionProject\FacialRecognitionProject.vcxproj" (build target(s)).

Build succeeded.

Time Elapsed 00:00:00.60
